# JRE version: OpenJDK Runtime Environment (18.0.1.1+2) (build 18.0.1.1+2-6)
# Java VM: OpenJDK 64-Bit Server VM (18.0.1.1+2-6, mixed mode, sharing, tiered, compressed oops, compressed class ptrs, g1 gc, windows-amd64)
GC Precious Log:
 CardTable entry size: 512
 Card Set container configuration: InlinePtr #cards 5 size 8 Array Of Cards #cards 12 size 40 Howl #buckets 4 coarsen threshold 1843 Howl Bitmap #cards 512 size 80 coarsen threshold 460 Card regions per heap region 1 cards per card region 2048
 CPUs: 12 total, 12 available
 Memory: 6005M
 Large Page Support: Disabled
 NUMA Support: Disabled
 Compressed Oops: Enabled (32-bit)
 Heap Region Size: 1M
 Heap Min Capacity: 8M
 Heap Initial Capacity: 94M
 Heap Max Capacity: 1502M
 Pre-touch: Disabled
 Parallel Workers: 10
 Concurrent Workers: 3
 Concurrent Refinement Workers: 10
 Periodic GC: Disabled
Heap:
 garbage-first heap   total 50176K, used 38086K [0x00000000a2200000, 0x0000000100000000)
  region size 1024K, 10 young (10240K), 1 survivors (1024K)
 Metaspace       used 33005K, committed 33408K, reserved 1114112K
  class space    used 4410K, committed 4608K, reserved 1048576K
GC Heap History (20 events):
Event: 1.138 GC heap before
{Heap before GC invocations=0 (full 0):
 garbage-first heap   total 96256K, used 22528K [0x00000000a2200000, 0x0000000100000000)
  region size 1024K, 23 young (23552K), 0 survivors (0K)
 Metaspace       used 5683K, committed 5888K, reserved 1114112K
  class space    used 630K, committed 768K, reserved 1048576K
}
Event: 1.142 GC heap after
{Heap after GC invocations=1 (full 0):
 garbage-first heap   total 96256K, used 4309K [0x00000000a2200000, 0x0000000100000000)
  region size 1024K, 3 young (3072K), 3 survivors (3072K)
 Metaspace       used 5683K, committed 5888K, reserved 1114112K
  class space    used 630K, committed 768K, reserved 1048576K
}
Event: 2.456 GC heap before
{Heap before GC invocations=1 (full 0):
 garbage-first heap   total 96256K, used 35029K [0x00000000a2200000, 0x0000000100000000)
  region size 1024K, 34 young (34816K), 3 survivors (3072K)
 Metaspace       used 17324K, committed 17600K, reserved 1114112K
  class space    used 2008K, committed 2112K, reserved 1048576K
}
Event: 2.463 GC heap after
{Heap after GC invocations=2 (full 0):
 garbage-first heap   total 96256K, used 8678K [0x00000000a2200000, 0x0000000100000000)
  region size 1024K, 5 young (5120K), 5 survivors (5120K)
 Metaspace       used 17324K, committed 17600K, reserved 1114112K
  class space    used 2008K, committed 2112K, reserved 1048576K
}
Event: 2.922 GC heap before
{Heap before GC invocations=2 (full 0):
 garbage-first heap   total 96256K, used 27110K [0x00000000a2200000, 0x0000000100000000)
  region size 1024K, 24 young (24576K), 5 survivors (5120K)
 Metaspace       used 21188K, committed 21504K, reserved 1114112K
  class space    used 2647K, committed 2816K, reserved 1048576K
}
Event: 2.929 GC heap after
{Heap after GC invocations=3 (full 0):
 garbage-first heap   total 96256K, used 11804K [0x00000000a2200000, 0x0000000100000000)
  region size 1024K, 4 young (4096K), 4 survivors (4096K)
 Metaspace       used 21188K, committed 21504K, reserved 1114112K
  class space    used 2647K, committed 2816K, reserved 1048576K
}
Event: 3.777 GC heap before
{Heap before GC invocations=4 (full 0):
 garbage-first heap   total 48128K, used 36380K [0x00000000a2200000, 0x0000000100000000)
  region size 1024K, 28 young (28672K), 4 survivors (4096K)
 Metaspace       used 26546K, committed 27008K, reserved 1114112K
  class space    used 3657K, committed 3904K, reserved 1048576K
}
Event: 3.783 GC heap after
{Heap after GC invocations=5 (full 0):
 garbage-first heap   total 48128K, used 14226K [0x00000000a2200000, 0x0000000100000000)
  region size 1024K, 3 young (3072K), 3 survivors (3072K)
 Metaspace       used 26546K, committed 27008K, reserved 1114112K
  class space    used 3657K, committed 3904K, reserved 1048576K
}
Event: 3.820 GC heap before
{Heap before GC invocations=5 (full 0):
 garbage-first heap   total 48128K, used 15250K [0x00000000a2200000, 0x0000000100000000)
  region size 1024K, 4 young (4096K), 3 survivors (3072K)
 Metaspace       used 26674K, committed 27136K, reserved 1114112K
  class space    used 3681K, committed 3904K, reserved 1048576K
}
Event: 3.823 GC heap after
{Heap after GC invocations=6 (full 0):
 garbage-first heap   total 48128K, used 14536K [0x00000000a2200000, 0x0000000100000000)
  region size 1024K, 1 young (1024K), 1 survivors (1024K)
 Metaspace       used 26674K, committed 27136K, reserved 1114112K
  class space    used 3681K, committed 3904K, reserved 1048576K
}
Event: 4.407 GC heap before
{Heap before GC invocations=6 (full 0):
 garbage-first heap   total 48128K, used 31944K [0x00000000a2200000, 0x0000000100000000)
  region size 1024K, 19 young (19456K), 1 survivors (1024K)
 Metaspace       used 28606K, committed 29056K, reserved 1114112K
  class space    used 4006K, committed 4224K, reserved 1048576K
}
Event: 4.412 GC heap after
{Heap after GC invocations=7 (full 0):
 garbage-first heap   total 48128K, used 19034K [0x00000000a2200000, 0x0000000100000000)
  region size 1024K, 3 young (3072K), 3 survivors (3072K)
 Metaspace       used 28606K, committed 29056K, reserved 1114112K
  class space    used 4006K, committed 4224K, reserved 1048576K
}
Event: 5.059 GC heap before
{Heap before GC invocations=7 (full 0):
 garbage-first heap   total 48128K, used 31322K [0x00000000a2200000, 0x0000000100000000)
  region size 1024K, 13 young (13312K), 3 survivors (3072K)
 Metaspace       used 30335K, committed 30848K, reserved 1114112K
  class space    used 4192K, committed 4416K, reserved 1048576K
}
Event: 5.064 GC heap after
{Heap after GC invocations=8 (full 0):
 garbage-first heap   total 48128K, used 22160K [0x00000000a2200000, 0x0000000100000000)
  region size 1024K, 3 young (3072K), 3 survivors (3072K)
 Metaspace       used 30335K, committed 30848K, reserved 1114112K
  class space    used 4192K, committed 4416K, reserved 1048576K
}
Event: 31.314 GC heap before
{Heap before GC invocations=8 (full 0):
 garbage-first heap   total 48128K, used 36496K [0x00000000a2200000, 0x0000000100000000)
  region size 1024K, 15 young (15360K), 3 survivors (3072K)
 Metaspace       used 31973K, committed 32384K, reserved 1114112K
  class space    used 4334K, committed 4544K, reserved 1048576K
}
Event: 31.318 GC heap after
{Heap after GC invocations=9 (full 0):
 garbage-first heap   total 48128K, used 25339K [0x00000000a2200000, 0x0000000100000000)
  region size 1024K, 2 young (2048K), 2 survivors (2048K)
 Metaspace       used 31973K, committed 32384K, reserved 1114112K
  class space    used 4334K, committed 4544K, reserved 1048576K
}
Event: 46.760 GC heap before
{Heap before GC invocations=9 (full 0):
 garbage-first heap   total 48128K, used 35579K [0x00000000a2200000, 0x0000000100000000)
  region size 1024K, 12 young (12288K), 2 survivors (2048K)
 Metaspace       used 32413K, committed 32832K, reserved 1114112K
  class space    used 4388K, committed 4608K, reserved 1048576K
}
Event: 46.766 GC heap after
{Heap after GC invocations=10 (full 0):
 garbage-first heap   total 48128K, used 27826K [0x00000000a2200000, 0x0000000100000000)
  region size 1024K, 2 young (2048K), 2 survivors (2048K)
 Metaspace       used 32413K, committed 32832K, reserved 1114112K
  class space    used 4388K, committed 4608K, reserved 1048576K
}
Event: 82.509 GC heap before
{Heap before GC invocations=11 (full 0):
 garbage-first heap   total 50176K, used 34994K [0x00000000a2200000, 0x0000000100000000)
  region size 1024K, 10 young (10240K), 2 survivors (2048K)
 Metaspace       used 32739K, committed 33152K, reserved 1114112K
  class space    used 4399K, committed 4608K, reserved 1048576K
}
Event: 82.513 GC heap after
{Heap after GC invocations=12 (full 0):
 garbage-first heap   total 50176K, used 28870K [0x00000000a2200000, 0x0000000100000000)
  region size 1024K, 1 young (1024K), 1 survivors (1024K)
 Metaspace       used 32739K, committed 33152K, reserved 1114112K
  class space    used 4399K, committed 4608K, reserved 1048576K
}

