# JRE version: OpenJDK Runtime Environment (18.0.1.1+2) (build 18.0.1.1+2-6)
# Java VM: OpenJDK 64-Bit Server VM (18.0.1.1+2-6, mixed mode, sharing, tiered, compressed oops, compressed class ptrs, g1 gc, windows-amd64)
GC Precious Log:
 CardTable entry size: 512
 Card Set container configuration: InlinePtr #cards 5 size 8 Array Of Cards #cards 12 size 40 Howl #buckets 4 coarsen threshold 1843 Howl Bitmap #cards 512 size 80 coarsen threshold 460 Card regions per heap region 1 cards per card region 2048
 CPUs: 12 total, 12 available
 Memory: 6005M
 Large Page Support: Disabled
 NUMA Support: Disabled
 Compressed Oops: Enabled (32-bit)
 Heap Region Size: 1M
 Heap Min Capacity: 8M
 Heap Initial Capacity: 94M
 Heap Max Capacity: 1502M
 Pre-touch: Disabled
 Parallel Workers: 10
 Concurrent Workers: 3
 Concurrent Refinement Workers: 10
 Periodic GC: Disabled
Heap:
 garbage-first heap   total 66560K, used 40393K [0x00000000a2200000, 0x0000000100000000)
  region size 1024K, 5 young (5120K), 1 survivors (1024K)
 Metaspace       used 35015K, committed 35392K, reserved 1114112K
  class space    used 4501K, committed 4672K, reserved 1048576K
GC Heap History (20 events):
Event: 5106.093 GC heap before
{Heap before GC invocations=49 (full 0):
 garbage-first heap   total 66560K, used 56509K [0x00000000a2200000, 0x0000000100000000)
  region size 1024K, 20 young (20480K), 1 survivors (1024K)
 Metaspace       used 34547K, committed 34944K, reserved 1114112K
  class space    used 4442K, committed 4608K, reserved 1048576K
}
Event: 5106.117 GC heap after
{Heap after GC invocations=50 (full 0):
 garbage-first heap   total 66560K, used 37165K [0x00000000a2200000, 0x0000000100000000)
  region size 1024K, 1 young (1024K), 1 survivors (1024K)
 Metaspace       used 34547K, committed 34944K, reserved 1114112K
  class space    used 4442K, committed 4608K, reserved 1048576K
}
Event: 5212.801 GC heap before
{Heap before GC invocations=51 (full 0):
 garbage-first heap   total 66560K, used 56621K [0x00000000a2200000, 0x0000000100000000)
  region size 1024K, 20 young (20480K), 1 survivors (1024K)
 Metaspace       used 34571K, committed 34944K, reserved 1114112K
  class space    used 4441K, committed 4608K, reserved 1048576K
}
Event: 5212.810 GC heap after
{Heap after GC invocations=52 (full 0):
 garbage-first heap   total 66560K, used 37183K [0x00000000a2200000, 0x0000000100000000)
  region size 1024K, 1 young (1024K), 1 survivors (1024K)
 Metaspace       used 34571K, committed 34944K, reserved 1114112K
  class space    used 4441K, committed 4608K, reserved 1048576K
}
Event: 5309.938 GC heap before
{Heap before GC invocations=52 (full 0):
 garbage-first heap   total 66560K, used 57663K [0x00000000a2200000, 0x0000000100000000)
  region size 1024K, 21 young (21504K), 1 survivors (1024K)
 Metaspace       used 34610K, committed 34944K, reserved 1114112K
  class space    used 4441K, committed 4608K, reserved 1048576K
}
Event: 5309.942 GC heap after
{Heap after GC invocations=53 (full 0):
 garbage-first heap   total 66560K, used 37252K [0x00000000a2200000, 0x0000000100000000)
  region size 1024K, 1 young (1024K), 1 survivors (1024K)
 Metaspace       used 34610K, committed 34944K, reserved 1114112K
  class space    used 4441K, committed 4608K, reserved 1048576K
}
Event: 5469.164 GC heap before
{Heap before GC invocations=54 (full 0):
 garbage-first heap   total 66560K, used 57732K [0x00000000a2200000, 0x0000000100000000)
  region size 1024K, 21 young (21504K), 1 survivors (1024K)
 Metaspace       used 34672K, committed 35008K, reserved 1114112K
  class space    used 4443K, committed 4608K, reserved 1048576K
}
Event: 5469.178 GC heap after
{Heap after GC invocations=55 (full 0):
 garbage-first heap   total 66560K, used 37661K [0x00000000a2200000, 0x0000000100000000)
  region size 1024K, 2 young (2048K), 2 survivors (2048K)
 Metaspace       used 34672K, committed 35008K, reserved 1114112K
  class space    used 4443K, committed 4608K, reserved 1048576K
}
Event: 5475.394 GC heap before
{Heap before GC invocations=55 (full 0):
 garbage-first heap   total 66560K, used 56093K [0x00000000a2200000, 0x0000000100000000)
  region size 1024K, 20 young (20480K), 2 survivors (2048K)
 Metaspace       used 34676K, committed 35008K, reserved 1114112K
  class space    used 4443K, committed 4608K, reserved 1048576K
}
Event: 5475.397 GC heap after
{Heap after GC invocations=56 (full 0):
 garbage-first heap   total 66560K, used 37762K [0x00000000a2200000, 0x0000000100000000)
  region size 1024K, 2 young (2048K), 2 survivors (2048K)
 Metaspace       used 34676K, committed 35008K, reserved 1114112K
  class space    used 4443K, committed 4608K, reserved 1048576K
}
Event: 6197.092 GC heap before
{Heap before GC invocations=57 (full 0):
 garbage-first heap   total 66560K, used 56194K [0x00000000a2200000, 0x0000000100000000)
  region size 1024K, 20 young (20480K), 2 survivors (2048K)
 Metaspace       used 34691K, committed 35008K, reserved 1114112K
  class space    used 4444K, committed 4608K, reserved 1048576K
}
Event: 6197.107 GC heap after
{Heap after GC invocations=58 (full 0):
 garbage-first heap   total 66560K, used 37697K [0x00000000a2200000, 0x0000000100000000)
  region size 1024K, 2 young (2048K), 2 survivors (2048K)
 Metaspace       used 34691K, committed 35008K, reserved 1114112K
  class space    used 4444K, committed 4608K, reserved 1048576K
}
Event: 6197.380 GC heap before
{Heap before GC invocations=58 (full 0):
 garbage-first heap   total 66560K, used 38721K [0x00000000a2200000, 0x0000000100000000)
  region size 1024K, 3 young (3072K), 2 survivors (2048K)
 Metaspace       used 34691K, committed 35008K, reserved 1114112K
  class space    used 4444K, committed 4608K, reserved 1048576K
}
Event: 6197.398 GC heap after
{Heap after GC invocations=59 (full 0):
 garbage-first heap   total 66560K, used 37488K [0x00000000a2200000, 0x0000000100000000)
  region size 1024K, 1 young (1024K), 1 survivors (1024K)
 Metaspace       used 34691K, committed 35008K, reserved 1114112K
  class space    used 4444K, committed 4608K, reserved 1048576K
}
Event: 6205.026 GC heap before
{Heap before GC invocations=59 (full 0):
 garbage-first heap   total 66560K, used 54896K [0x00000000a2200000, 0x0000000100000000)
  region size 1024K, 19 young (19456K), 1 survivors (1024K)
 Metaspace       used 34692K, committed 35008K, reserved 1114112K
  class space    used 4444K, committed 4608K, reserved 1048576K
}
Event: 6205.029 GC heap after
{Heap after GC invocations=60 (full 0):
 garbage-first heap   total 66560K, used 37470K [0x00000000a2200000, 0x0000000100000000)
  region size 1024K, 1 young (1024K), 1 survivors (1024K)
 Metaspace       used 34692K, committed 35008K, reserved 1114112K
  class space    used 4444K, committed 4608K, reserved 1048576K
}
Event: 18573.247 GC heap before
{Heap before GC invocations=61 (full 0):
 garbage-first heap   total 66560K, used 56926K [0x00000000a2200000, 0x0000000100000000)
  region size 1024K, 20 young (20480K), 1 survivors (1024K)
 Metaspace       used 34713K, committed 35008K, reserved 1114112K
  class space    used 4444K, committed 4608K, reserved 1048576K
}
Event: 18573.272 GC heap after
{Heap after GC invocations=62 (full 0):
 garbage-first heap   total 66560K, used 37693K [0x00000000a2200000, 0x0000000100000000)
  region size 1024K, 1 young (1024K), 1 survivors (1024K)
 Metaspace       used 34713K, committed 35008K, reserved 1114112K
  class space    used 4444K, committed 4608K, reserved 1048576K
}
Event: 18576.834 GC heap before
{Heap before GC invocations=62 (full 0):
 garbage-first heap   total 66560K, used 39741K [0x00000000a2200000, 0x0000000100000000)
  region size 1024K, 3 young (3072K), 1 survivors (1024K)
 Metaspace       used 34713K, committed 35008K, reserved 1114112K
  class space    used 4444K, committed 4608K, reserved 1048576K
}
Event: 18576.845 GC heap after
{Heap after GC invocations=63 (full 0):
 garbage-first heap   total 66560K, used 37321K [0x00000000a2200000, 0x0000000100000000)
  region size 1024K, 1 young (1024K), 1 survivors (1024K)
 Metaspace       used 34713K, committed 35008K, reserved 1114112K
  class space    used 4444K, committed 4608K, reserved 1048576K
}

