# JRE version: OpenJDK Runtime Environment (18.0.1.1+2) (build 18.0.1.1+2-6)
# Java VM: OpenJDK 64-Bit Server VM (18.0.1.1+2-6, mixed mode, sharing, tiered, compressed oops, compressed class ptrs, g1 gc, windows-amd64)
GC Precious Log:
 CardTable entry size: 512
 Card Set container configuration: InlinePtr #cards 5 size 8 Array Of Cards #cards 12 size 40 Howl #buckets 4 coarsen threshold 1843 Howl Bitmap #cards 512 size 80 coarsen threshold 460 Card regions per heap region 1 cards per card region 2048
 CPUs: 12 total, 12 available
 Memory: 6005M
 Large Page Support: Disabled
 NUMA Support: Disabled
 Compressed Oops: Enabled (32-bit)
 Heap Region Size: 1M
 Heap Min Capacity: 8M
 Heap Initial Capacity: 94M
 Heap Max Capacity: 1502M
 Pre-touch: Disabled
 Parallel Workers: 10
 Concurrent Workers: 3
 Concurrent Refinement Workers: 10
 Periodic GC: Disabled
Heap:
 garbage-first heap   total 53248K, used 36681K [0x00000000a2200000, 0x0000000100000000)
  region size 1024K, 10 young (10240K), 2 survivors (2048K)
 Metaspace       used 32692K, committed 33152K, reserved 1114112K
  class space    used 4402K, committed 4608K, reserved 1048576K
GC Heap History (20 events):
Event: 0.900 GC heap before
{Heap before GC invocations=0 (full 0):
 garbage-first heap   total 96256K, used 22528K [0x00000000a2200000, 0x0000000100000000)
  region size 1024K, 23 young (23552K), 0 survivors (0K)
 Metaspace       used 5688K, committed 5888K, reserved 1114112K
  class space    used 629K, committed 768K, reserved 1048576K
}
Event: 0.905 GC heap after
{Heap after GC invocations=1 (full 0):
 garbage-first heap   total 96256K, used 3946K [0x00000000a2200000, 0x0000000100000000)
  region size 1024K, 3 young (3072K), 3 survivors (3072K)
 Metaspace       used 5688K, committed 5888K, reserved 1114112K
  class space    used 629K, committed 768K, reserved 1048576K
}
Event: 2.017 GC heap before
{Heap before GC invocations=1 (full 0):
 garbage-first heap   total 96256K, used 34666K [0x00000000a2200000, 0x0000000100000000)
  region size 1024K, 34 young (34816K), 3 survivors (3072K)
 Metaspace       used 17310K, committed 17600K, reserved 1114112K
  class space    used 2007K, committed 2112K, reserved 1048576K
}
Event: 2.026 GC heap after
{Heap after GC invocations=2 (full 0):
 garbage-first heap   total 96256K, used 9194K [0x00000000a2200000, 0x0000000100000000)
  region size 1024K, 5 young (5120K), 5 survivors (5120K)
 Metaspace       used 17310K, committed 17600K, reserved 1114112K
  class space    used 2007K, committed 2112K, reserved 1048576K
}
Event: 2.439 GC heap before
{Heap before GC invocations=2 (full 0):
 garbage-first heap   total 96256K, used 27626K [0x00000000a2200000, 0x0000000100000000)
  region size 1024K, 24 young (24576K), 5 survivors (5120K)
 Metaspace       used 21200K, committed 21504K, reserved 1114112K
  class space    used 2645K, committed 2816K, reserved 1048576K
}
Event: 2.446 GC heap after
{Heap after GC invocations=3 (full 0):
 garbage-first heap   total 96256K, used 12135K [0x00000000a2200000, 0x0000000100000000)
  region size 1024K, 3 young (3072K), 3 survivors (3072K)
 Metaspace       used 21200K, committed 21504K, reserved 1114112K
  class space    used 2645K, committed 2816K, reserved 1048576K
}
Event: 3.127 GC heap before
{Heap before GC invocations=4 (full 0):
 garbage-first heap   total 45056K, used 35687K [0x00000000a2200000, 0x0000000100000000)
  region size 1024K, 26 young (26624K), 3 survivors (3072K)
 Metaspace       used 26106K, committed 26496K, reserved 1114112K
  class space    used 3514K, committed 3712K, reserved 1048576K
}
Event: 3.133 GC heap after
{Heap after GC invocations=5 (full 0):
 garbage-first heap   total 45056K, used 14428K [0x00000000a2200000, 0x0000000100000000)
  region size 1024K, 3 young (3072K), 3 survivors (3072K)
 Metaspace       used 26106K, committed 26496K, reserved 1114112K
  class space    used 3514K, committed 3712K, reserved 1048576K
}
Event: 3.595 GC heap before
{Heap before GC invocations=5 (full 0):
 garbage-first heap   total 45056K, used 30812K [0x00000000a2200000, 0x0000000100000000)
  region size 1024K, 19 young (19456K), 3 survivors (3072K)
 Metaspace       used 28487K, committed 28800K, reserved 1114112K
  class space    used 3994K, committed 4160K, reserved 1048576K
}
Event: 3.602 GC heap after
{Heap after GC invocations=6 (full 0):
 garbage-first heap   total 45056K, used 17445K [0x00000000a2200000, 0x0000000100000000)
  region size 1024K, 3 young (3072K), 3 survivors (3072K)
 Metaspace       used 28487K, committed 28800K, reserved 1114112K
  class space    used 3994K, committed 4160K, reserved 1048576K
}
Event: 4.063 GC heap before
{Heap before GC invocations=6 (full 0):
 garbage-first heap   total 45056K, used 30757K [0x00000000a2200000, 0x0000000100000000)
  region size 1024K, 17 young (17408K), 3 survivors (3072K)
 Metaspace       used 29148K, committed 29504K, reserved 1114112K
  class space    used 4061K, committed 4224K, reserved 1048576K
}
Event: 4.070 GC heap after
{Heap after GC invocations=7 (full 0):
 garbage-first heap   total 45056K, used 22118K [0x00000000a2200000, 0x0000000100000000)
  region size 1024K, 3 young (3072K), 3 survivors (3072K)
 Metaspace       used 29148K, committed 29504K, reserved 1114112K
  class space    used 4061K, committed 4224K, reserved 1048576K
}
Event: 4.742 GC heap before
{Heap before GC invocations=7 (full 0):
 garbage-first heap   total 45056K, used 29286K [0x00000000a2200000, 0x0000000100000000)
  region size 1024K, 12 young (12288K), 3 survivors (3072K)
 Metaspace       used 30648K, committed 31040K, reserved 1114112K
  class space    used 4216K, committed 4416K, reserved 1048576K
}
Event: 4.747 GC heap after
{Heap after GC invocations=8 (full 0):
 garbage-first heap   total 45056K, used 24952K [0x00000000a2200000, 0x0000000100000000)
  region size 1024K, 2 young (2048K), 2 survivors (2048K)
 Metaspace       used 30648K, committed 31040K, reserved 1114112K
  class space    used 4216K, committed 4416K, reserved 1048576K
}
Event: 4.879 GC heap before
{Heap before GC invocations=9 (full 0):
 garbage-first heap   total 48128K, used 30072K [0x00000000a2200000, 0x0000000100000000)
  region size 1024K, 4 young (4096K), 2 survivors (2048K)
 Metaspace       used 30748K, committed 31104K, reserved 1114112K
  class space    used 4225K, committed 4416K, reserved 1048576K
}
Event: 4.883 GC heap after
{Heap after GC invocations=10 (full 0):
 garbage-first heap   total 48128K, used 26188K [0x00000000a2200000, 0x0000000100000000)
  region size 1024K, 1 young (1024K), 1 survivors (1024K)
 Metaspace       used 30748K, committed 31104K, reserved 1114112K
  class space    used 4225K, committed 4416K, reserved 1048576K
}
Event: 23.243 GC heap before
{Heap before GC invocations=11 (full 0):
 garbage-first heap   total 50176K, used 37452K [0x00000000a2200000, 0x0000000100000000)
  region size 1024K, 10 young (10240K), 1 survivors (1024K)
 Metaspace       used 31506K, committed 31872K, reserved 1114112K
  class space    used 4243K, committed 4416K, reserved 1048576K
}
Event: 23.248 GC heap after
{Heap after GC invocations=12 (full 0):
 garbage-first heap   total 50176K, used 28939K [0x00000000a2200000, 0x0000000100000000)
  region size 1024K, 2 young (2048K), 2 survivors (2048K)
 Metaspace       used 31506K, committed 31872K, reserved 1114112K
  class space    used 4243K, committed 4416K, reserved 1048576K
}
Event: 39.582 GC heap before
{Heap before GC invocations=12 (full 0):
 garbage-first heap   total 50176K, used 38155K [0x00000000a2200000, 0x0000000100000000)
  region size 1024K, 11 young (11264K), 2 survivors (2048K)
 Metaspace       used 32389K, committed 32768K, reserved 1114112K
  class space    used 4367K, committed 4544K, reserved 1048576K
}
Event: 39.585 GC heap after
{Heap after GC invocations=13 (full 0):
 garbage-first heap   total 50176K, used 29513K [0x00000000a2200000, 0x0000000100000000)
  region size 1024K, 2 young (2048K), 2 survivors (2048K)
 Metaspace       used 32389K, committed 32768K, reserved 1114112K
  class space    used 4367K, committed 4544K, reserved 1048576K
}

