# JRE version: OpenJDK Runtime Environment (18.0.1.1+2) (build 18.0.1.1+2-6)
# Java VM: OpenJDK 64-Bit Server VM (18.0.1.1+2-6, mixed mode, sharing, tiered, compressed oops, compressed class ptrs, g1 gc, windows-amd64)
GC Precious Log:
 CardTable entry size: 512
 Card Set container configuration: InlinePtr #cards 5 size 8 Array Of Cards #cards 12 size 40 Howl #buckets 4 coarsen threshold 1843 Howl Bitmap #cards 512 size 80 coarsen threshold 460 Card regions per heap region 1 cards per card region 2048
 CPUs: 12 total, 12 available
 Memory: 6005M
 Large Page Support: Disabled
 NUMA Support: Disabled
 Compressed Oops: Enabled (32-bit)
 Heap Region Size: 1M
 Heap Min Capacity: 8M
 Heap Initial Capacity: 94M
 Heap Max Capacity: 1502M
 Pre-touch: Disabled
 Parallel Workers: 10
 Concurrent Workers: 3
 Concurrent Refinement Workers: 10
 Periodic GC: Disabled
Heap:
 garbage-first heap   total 58368K, used 43281K [0x00000000a2200000, 0x0000000100000000)
  region size 1024K, 14 young (14336K), 2 survivors (2048K)
 Metaspace       used 33633K, committed 34048K, reserved 1114112K
  class space    used 4445K, committed 4672K, reserved 1048576K
GC Heap History (20 events):
Event: 3.611 GC heap before
{Heap before GC invocations=5 (full 0):
 garbage-first heap   total 48128K, used 32772K [0x00000000a2200000, 0x0000000100000000)
  region size 1024K, 21 young (21504K), 3 survivors (3072K)
 Metaspace       used 28500K, committed 28928K, reserved 1114112K
  class space    used 3998K, committed 4224K, reserved 1048576K
}
Event: 3.617 GC heap after
{Heap after GC invocations=6 (full 0):
 garbage-first heap   total 48128K, used 18075K [0x00000000a2200000, 0x0000000100000000)
  region size 1024K, 3 young (3072K), 3 survivors (3072K)
 Metaspace       used 28500K, committed 28928K, reserved 1114112K
  class space    used 3998K, committed 4224K, reserved 1048576K
}
Event: 7.667 GC heap before
{Heap before GC invocations=6 (full 0):
 garbage-first heap   total 48128K, used 38555K [0x00000000a2200000, 0x0000000100000000)
  region size 1024K, 18 young (18432K), 3 survivors (3072K)
 Metaspace       used 30736K, committed 31168K, reserved 1114112K
  class space    used 4205K, committed 4416K, reserved 1048576K
}
Event: 7.675 GC heap after
{Heap after GC invocations=7 (full 0):
 garbage-first heap   total 48128K, used 24058K [0x00000000a2200000, 0x0000000100000000)
  region size 1024K, 3 young (3072K), 3 survivors (3072K)
 Metaspace       used 30736K, committed 31168K, reserved 1114112K
  class space    used 4205K, committed 4416K, reserved 1048576K
}
Event: 26.725 GC heap before
{Heap before GC invocations=7 (full 0):
 garbage-first heap   total 48128K, used 35322K [0x00000000a2200000, 0x0000000100000000)
  region size 1024K, 14 young (14336K), 3 survivors (3072K)
 Metaspace       used 32143K, committed 32576K, reserved 1114112K
  class space    used 4365K, committed 4544K, reserved 1048576K
}
Event: 26.730 GC heap after
{Heap after GC invocations=8 (full 0):
 garbage-first heap   total 48128K, used 26235K [0x00000000a2200000, 0x0000000100000000)
  region size 1024K, 2 young (2048K), 2 survivors (2048K)
 Metaspace       used 32143K, committed 32576K, reserved 1114112K
  class space    used 4365K, committed 4544K, reserved 1048576K
}
Event: 79.629 GC heap before
{Heap before GC invocations=8 (full 0):
 garbage-first heap   total 48128K, used 35451K [0x00000000a2200000, 0x0000000100000000)
  region size 1024K, 11 young (11264K), 2 survivors (2048K)
 Metaspace       used 32460K, committed 32896K, reserved 1114112K
  class space    used 4386K, committed 4544K, reserved 1048576K
}
Event: 79.634 GC heap after
{Heap after GC invocations=9 (full 0):
 garbage-first heap   total 48128K, used 28120K [0x00000000a2200000, 0x0000000100000000)
  region size 1024K, 2 young (2048K), 2 survivors (2048K)
 Metaspace       used 32460K, committed 32896K, reserved 1114112K
  class space    used 4386K, committed 4544K, reserved 1048576K
}
Event: 125.197 GC heap before
{Heap before GC invocations=10 (full 0):
 garbage-first heap   total 50176K, used 36312K [0x00000000a2200000, 0x0000000100000000)
  region size 1024K, 10 young (10240K), 2 survivors (2048K)
 Metaspace       used 32740K, committed 33216K, reserved 1114112K
  class space    used 4407K, committed 4608K, reserved 1048576K
}
Event: 125.201 GC heap after
{Heap after GC invocations=11 (full 0):
 garbage-first heap   total 50176K, used 29205K [0x00000000a2200000, 0x0000000100000000)
  region size 1024K, 1 young (1024K), 1 survivors (1024K)
 Metaspace       used 32740K, committed 33216K, reserved 1114112K
  class space    used 4407K, committed 4608K, reserved 1048576K
}
Event: 163.595 GC heap before
{Heap before GC invocations=11 (full 0):
 garbage-first heap   total 50176K, used 38421K [0x00000000a2200000, 0x0000000100000000)
  region size 1024K, 10 young (10240K), 1 survivors (1024K)
 Metaspace       used 32833K, committed 33280K, reserved 1114112K
  class space    used 4407K, committed 4608K, reserved 1048576K
}
Event: 163.598 GC heap after
{Heap after GC invocations=12 (full 0):
 garbage-first heap   total 50176K, used 29825K [0x00000000a2200000, 0x0000000100000000)
  region size 1024K, 2 young (2048K), 2 survivors (2048K)
 Metaspace       used 32833K, committed 33280K, reserved 1114112K
  class space    used 4407K, committed 4608K, reserved 1048576K
}
Event: 195.310 GC heap before
{Heap before GC invocations=13 (full 0):
 garbage-first heap   total 53248K, used 38017K [0x00000000a2200000, 0x0000000100000000)
  region size 1024K, 10 young (10240K), 2 survivors (2048K)
 Metaspace       used 32966K, committed 33408K, reserved 1114112K
  class space    used 4407K, committed 4608K, reserved 1048576K
}
Event: 195.314 GC heap after
{Heap after GC invocations=14 (full 0):
 garbage-first heap   total 53248K, used 30659K [0x00000000a2200000, 0x0000000100000000)
  region size 1024K, 2 young (2048K), 2 survivors (2048K)
 Metaspace       used 32966K, committed 33408K, reserved 1114112K
  class space    used 4407K, committed 4608K, reserved 1048576K
}
Event: 247.596 GC heap before
{Heap before GC invocations=14 (full 0):
 garbage-first heap   total 53248K, used 40899K [0x00000000a2200000, 0x0000000100000000)
  region size 1024K, 12 young (12288K), 2 survivors (2048K)
 Metaspace       used 33109K, committed 33536K, reserved 1114112K
  class space    used 4407K, committed 4608K, reserved 1048576K
}
Event: 247.600 GC heap after
{Heap after GC invocations=15 (full 0):
 garbage-first heap   total 53248K, used 31435K [0x00000000a2200000, 0x0000000100000000)
  region size 1024K, 2 young (2048K), 2 survivors (2048K)
 Metaspace       used 33109K, committed 33536K, reserved 1114112K
  class space    used 4407K, committed 4608K, reserved 1048576K
}
Event: 307.352 GC heap before
{Heap before GC invocations=16 (full 0):
 garbage-first heap   total 56320K, used 41675K [0x00000000a2200000, 0x0000000100000000)
  region size 1024K, 12 young (12288K), 2 survivors (2048K)
 Metaspace       used 33201K, committed 33600K, reserved 1114112K
  class space    used 4407K, committed 4608K, reserved 1048576K
}
Event: 307.356 GC heap after
{Heap after GC invocations=17 (full 0):
 garbage-first heap   total 56320K, used 32015K [0x00000000a2200000, 0x0000000100000000)
  region size 1024K, 2 young (2048K), 2 survivors (2048K)
 Metaspace       used 33201K, committed 33600K, reserved 1114112K
  class space    used 4407K, committed 4608K, reserved 1048576K
}
Event: 324.813 GC heap before
{Heap before GC invocations=17 (full 0):
 garbage-first heap   total 56320K, used 44303K [0x00000000a2200000, 0x0000000100000000)
  region size 1024K, 14 young (14336K), 2 survivors (2048K)
 Metaspace       used 33324K, committed 33792K, reserved 1114112K
  class space    used 4412K, committed 4608K, reserved 1048576K
}
Event: 324.818 GC heap after
{Heap after GC invocations=18 (full 0):
 garbage-first heap   total 56320K, used 33041K [0x00000000a2200000, 0x0000000100000000)
  region size 1024K, 2 young (2048K), 2 survivors (2048K)
 Metaspace       used 33324K, committed 33792K, reserved 1114112K
  class space    used 4412K, committed 4608K, reserved 1048576K
}

