# JRE version: OpenJDK Runtime Environment (18.0.1.1+2) (build 18.0.1.1+2-6)
# Java VM: OpenJDK 64-Bit Server VM (18.0.1.1+2-6, mixed mode, sharing, tiered, compressed oops, compressed class ptrs, g1 gc, windows-amd64)
GC Precious Log:
 CardTable entry size: 512
 Card Set container configuration: InlinePtr #cards 5 size 8 Array Of Cards #cards 12 size 40 Howl #buckets 4 coarsen threshold 1843 Howl Bitmap #cards 512 size 80 coarsen threshold 460 Card regions per heap region 1 cards per card region 2048
 CPUs: 12 total, 12 available
 Memory: 6005M
 Large Page Support: Disabled
 NUMA Support: Disabled
 Compressed Oops: Enabled (32-bit)
 Heap Region Size: 1M
 Heap Min Capacity: 8M
 Heap Initial Capacity: 94M
 Heap Max Capacity: 1502M
 Pre-touch: Disabled
 Parallel Workers: 10
 Concurrent Workers: 3
 Concurrent Refinement Workers: 10
 Periodic GC: Disabled
Heap:
 garbage-first heap   total 66560K, used 33032K [0x00000000a2200000, 0x0000000100000000)
  region size 1024K, 7 young (7168K), 2 survivors (2048K)
 Metaspace       used 32434K, committed 32832K, reserved 1114112K
  class space    used 4377K, committed 4608K, reserved 1048576K
GC Heap History (20 events):
Event: 1.337 GC heap before
{Heap before GC invocations=0 (full 0):
 garbage-first heap   total 96256K, used 22528K [0x00000000a2200000, 0x0000000100000000)
  region size 1024K, 23 young (23552K), 0 survivors (0K)
 Metaspace       used 6210K, committed 6464K, reserved 1114112K
  class space    used 703K, committed 832K, reserved 1048576K
}
Event: 1.342 GC heap after
{Heap after GC invocations=1 (full 0):
 garbage-first heap   total 96256K, used 4380K [0x00000000a2200000, 0x0000000100000000)
  region size 1024K, 3 young (3072K), 3 survivors (3072K)
 Metaspace       used 6210K, committed 6464K, reserved 1114112K
  class space    used 703K, committed 832K, reserved 1048576K
}
Event: 2.635 GC heap before
{Heap before GC invocations=1 (full 0):
 garbage-first heap   total 96256K, used 34076K [0x00000000a2200000, 0x0000000100000000)
  region size 1024K, 33 young (33792K), 3 survivors (3072K)
 Metaspace       used 17601K, committed 17920K, reserved 1114112K
  class space    used 2038K, committed 2176K, reserved 1048576K
}
Event: 2.643 GC heap after
{Heap after GC invocations=2 (full 0):
 garbage-first heap   total 96256K, used 8689K [0x00000000a2200000, 0x0000000100000000)
  region size 1024K, 5 young (5120K), 5 survivors (5120K)
 Metaspace       used 17601K, committed 17920K, reserved 1114112K
  class space    used 2038K, committed 2176K, reserved 1048576K
}
Event: 3.100 GC heap before
{Heap before GC invocations=2 (full 0):
 garbage-first heap   total 96256K, used 26097K [0x00000000a2200000, 0x0000000100000000)
  region size 1024K, 23 young (23552K), 5 survivors (5120K)
 Metaspace       used 21135K, committed 21504K, reserved 1114112K
  class space    used 2630K, committed 2816K, reserved 1048576K
}
Event: 3.107 GC heap after
{Heap after GC invocations=3 (full 0):
 garbage-first heap   total 96256K, used 11860K [0x00000000a2200000, 0x0000000100000000)
  region size 1024K, 4 young (4096K), 4 survivors (4096K)
 Metaspace       used 21135K, committed 21504K, reserved 1114112K
  class space    used 2630K, committed 2816K, reserved 1048576K
}
Event: 3.921 GC heap before
{Heap before GC invocations=4 (full 0):
 garbage-first heap   total 48128K, used 36436K [0x00000000a2200000, 0x0000000100000000)
  region size 1024K, 28 young (28672K), 4 survivors (4096K)
 Metaspace       used 26424K, committed 26880K, reserved 1114112K
  class space    used 3626K, committed 3840K, reserved 1048576K
}
Event: 3.926 GC heap after
{Heap after GC invocations=5 (full 0):
 garbage-first heap   total 48128K, used 14176K [0x00000000a2200000, 0x0000000100000000)
  region size 1024K, 3 young (3072K), 3 survivors (3072K)
 Metaspace       used 26424K, committed 26880K, reserved 1114112K
  class space    used 3626K, committed 3840K, reserved 1048576K
}
Event: 3.954 GC heap before
{Heap before GC invocations=5 (full 0):
 garbage-first heap   total 48128K, used 15200K [0x00000000a2200000, 0x0000000100000000)
  region size 1024K, 4 young (4096K), 3 survivors (3072K)
 Metaspace       used 26577K, committed 27008K, reserved 1114112K
  class space    used 3656K, committed 3904K, reserved 1048576K
}
Event: 3.957 GC heap after
{Heap after GC invocations=6 (full 0):
 garbage-first heap   total 48128K, used 14523K [0x00000000a2200000, 0x0000000100000000)
  region size 1024K, 1 young (1024K), 1 survivors (1024K)
 Metaspace       used 26577K, committed 27008K, reserved 1114112K
  class space    used 3656K, committed 3904K, reserved 1048576K
}
Event: 4.466 GC heap before
{Heap before GC invocations=6 (full 0):
 garbage-first heap   total 48128K, used 31931K [0x00000000a2200000, 0x0000000100000000)
  region size 1024K, 19 young (19456K), 1 survivors (1024K)
 Metaspace       used 28776K, committed 29184K, reserved 1114112K
  class space    used 4041K, committed 4224K, reserved 1048576K
}
Event: 4.471 GC heap after
{Heap after GC invocations=7 (full 0):
 garbage-first heap   total 48128K, used 18358K [0x00000000a2200000, 0x0000000100000000)
  region size 1024K, 3 young (3072K), 3 survivors (3072K)
 Metaspace       used 28776K, committed 29184K, reserved 1114112K
  class space    used 4041K, committed 4224K, reserved 1048576K
}
Event: 4.859 GC heap before
{Heap before GC invocations=7 (full 0):
 garbage-first heap   total 48128K, used 32694K [0x00000000a2200000, 0x0000000100000000)
  region size 1024K, 18 young (18432K), 3 survivors (3072K)
 Metaspace       used 29627K, committed 30080K, reserved 1114112K
  class space    used 4104K, committed 4288K, reserved 1048576K
}
Event: 4.867 GC heap after
{Heap after GC invocations=8 (full 0):
 garbage-first heap   total 48128K, used 23928K [0x00000000a2200000, 0x0000000100000000)
  region size 1024K, 3 young (3072K), 3 survivors (3072K)
 Metaspace       used 29627K, committed 30080K, reserved 1114112K
  class space    used 4104K, committed 4288K, reserved 1048576K
}
Event: 5.022 GC heap before
{Heap before GC invocations=8 (full 0):
 garbage-first heap   total 48128K, used 27000K [0x00000000a2200000, 0x0000000100000000)
  region size 1024K, 7 young (7168K), 3 survivors (3072K)
 Metaspace       used 30601K, committed 30976K, reserved 1114112K
  class space    used 4218K, committed 4416K, reserved 1048576K
}
Event: 5.026 GC heap after
{Heap after GC invocations=9 (full 0):
 garbage-first heap   total 48128K, used 25282K [0x00000000a2200000, 0x0000000100000000)
  region size 1024K, 1 young (1024K), 1 survivors (1024K)
 Metaspace       used 30601K, committed 30976K, reserved 1114112K
  class space    used 4218K, committed 4416K, reserved 1048576K
}
Event: 5.125 GC heap before
{Heap before GC invocations=10 (full 0):
 garbage-first heap   total 48128K, used 30402K [0x00000000a2200000, 0x0000000100000000)
  region size 1024K, 3 young (3072K), 1 survivors (1024K)
 Metaspace       used 30695K, committed 31104K, reserved 1114112K
  class space    used 4228K, committed 4416K, reserved 1048576K
}
Event: 5.127 GC heap after
{Heap after GC invocations=11 (full 0):
 garbage-first heap   total 48128K, used 26060K [0x00000000a2200000, 0x0000000100000000)
  region size 1024K, 2 young (2048K), 2 survivors (2048K)
 Metaspace       used 30695K, committed 31104K, reserved 1114112K
  class space    used 4228K, committed 4416K, reserved 1048576K
}
Event: 11.013 GC heap before
{Heap before GC invocations=12 (full 0):
 garbage-first heap   total 50176K, used 38348K [0x00000000a2200000, 0x0000000100000000)
  region size 1024K, 12 young (12288K), 2 survivors (2048K)
 Metaspace       used 32043K, committed 32448K, reserved 1114112K
  class space    used 4362K, committed 4544K, reserved 1048576K
}
Event: 11.018 GC heap after
{Heap after GC invocations=13 (full 0):
 garbage-first heap   total 66560K, used 28936K [0x00000000a2200000, 0x0000000100000000)
  region size 1024K, 2 young (2048K), 2 survivors (2048K)
 Metaspace       used 32043K, committed 32448K, reserved 1114112K
  class space    used 4362K, committed 4544K, reserved 1048576K
}

