# JRE version: OpenJDK Runtime Environment (18.0.1.1+2) (build 18.0.1.1+2-6)
# Java VM: OpenJDK 64-Bit Server VM (18.0.1.1+2-6, mixed mode, sharing, tiered, compressed oops, compressed class ptrs, g1 gc, windows-amd64)
GC Precious Log:
 CardTable entry size: 512
 Card Set container configuration: InlinePtr #cards 5 size 8 Array Of Cards #cards 12 size 40 Howl #buckets 4 coarsen threshold 1843 Howl Bitmap #cards 512 size 80 coarsen threshold 460 Card regions per heap region 1 cards per card region 2048
 CPUs: 12 total, 12 available
 Memory: 6005M
 Large Page Support: Disabled
 NUMA Support: Disabled
 Compressed Oops: Enabled (32-bit)
 Heap Region Size: 1M
 Heap Min Capacity: 8M
 Heap Initial Capacity: 94M
 Heap Max Capacity: 1502M
 Pre-touch: Disabled
 Parallel Workers: 10
 Concurrent Workers: 3
 Concurrent Refinement Workers: 10
 Periodic GC: Disabled
Heap:
 garbage-first heap   total 61440K, used 36883K [0x00000000a2200000, 0x0000000100000000)
  region size 1024K, 7 young (7168K), 2 survivors (2048K)
 Metaspace       used 33401K, committed 33856K, reserved 1114112K
  class space    used 4413K, committed 4672K, reserved 1048576K
GC Heap History (20 events):
Event: 3.842 GC heap before
{Heap before GC invocations=6 (full 0):
 garbage-first heap   total 45056K, used 29886K [0x00000000a2200000, 0x0000000100000000)
  region size 1024K, 17 young (17408K), 1 survivors (1024K)
 Metaspace       used 28256K, committed 28672K, reserved 1114112K
  class space    used 3956K, committed 4160K, reserved 1048576K
}
Event: 3.845 GC heap after
{Heap after GC invocations=7 (full 0):
 garbage-first heap   total 45056K, used 17659K [0x00000000a2200000, 0x0000000100000000)
  region size 1024K, 3 young (3072K), 3 survivors (3072K)
 Metaspace       used 28256K, committed 28672K, reserved 1114112K
  class space    used 3956K, committed 4160K, reserved 1048576K
}
Event: 4.447 GC heap before
{Heap before GC invocations=7 (full 0):
 garbage-first heap   total 45056K, used 35067K [0x00000000a2200000, 0x0000000100000000)
  region size 1024K, 17 young (17408K), 3 survivors (3072K)
 Metaspace       used 30251K, committed 30656K, reserved 1114112K
  class space    used 4179K, committed 4352K, reserved 1048576K
}
Event: 4.452 GC heap after
{Heap after GC invocations=8 (full 0):
 garbage-first heap   total 45056K, used 21528K [0x00000000a2200000, 0x0000000100000000)
  region size 1024K, 3 young (3072K), 3 survivors (3072K)
 Metaspace       used 30251K, committed 30656K, reserved 1114112K
  class space    used 4179K, committed 4352K, reserved 1048576K
}
Event: 30.737 GC heap before
{Heap before GC invocations=8 (full 0):
 garbage-first heap   total 45056K, used 33816K [0x00000000a2200000, 0x0000000100000000)
  region size 1024K, 13 young (13312K), 3 survivors (3072K)
 Metaspace       used 31760K, committed 32128K, reserved 1114112K
  class space    used 4310K, committed 4480K, reserved 1048576K
}
Event: 30.741 GC heap after
{Heap after GC invocations=9 (full 0):
 garbage-first heap   total 45056K, used 25098K [0x00000000a2200000, 0x0000000100000000)
  region size 1024K, 2 young (2048K), 2 survivors (2048K)
 Metaspace       used 31760K, committed 32128K, reserved 1114112K
  class space    used 4310K, committed 4480K, reserved 1048576K
}
Event: 39.448 GC heap before
{Heap before GC invocations=9 (full 0):
 garbage-first heap   total 45056K, used 33290K [0x00000000a2200000, 0x0000000100000000)
  region size 1024K, 10 young (10240K), 2 survivors (2048K)
 Metaspace       used 32211K, committed 32640K, reserved 1114112K
  class space    used 4362K, committed 4544K, reserved 1048576K
}
Event: 39.452 GC heap after
{Heap after GC invocations=10 (full 0):
 garbage-first heap   total 45056K, used 26751K [0x00000000a2200000, 0x0000000100000000)
  region size 1024K, 2 young (2048K), 2 survivors (2048K)
 Metaspace       used 32211K, committed 32640K, reserved 1114112K
  class space    used 4362K, committed 4544K, reserved 1048576K
}
Event: 115.691 GC heap before
{Heap before GC invocations=11 (full 0):
 garbage-first heap   total 48128K, used 33919K [0x00000000a2200000, 0x0000000100000000)
  region size 1024K, 9 young (9216K), 2 survivors (2048K)
 Metaspace       used 32422K, committed 32896K, reserved 1114112K
  class space    used 4382K, committed 4608K, reserved 1048576K
}
Event: 115.697 GC heap after
{Heap after GC invocations=12 (full 0):
 garbage-first heap   total 48128K, used 28069K [0x00000000a2200000, 0x0000000100000000)
  region size 1024K, 2 young (2048K), 2 survivors (2048K)
 Metaspace       used 32422K, committed 32896K, reserved 1114112K
  class space    used 4382K, committed 4608K, reserved 1048576K
}
Event: 146.706 GC heap before
{Heap before GC invocations=12 (full 0):
 garbage-first heap   total 48128K, used 36261K [0x00000000a2200000, 0x0000000100000000)
  region size 1024K, 10 young (10240K), 2 survivors (2048K)
 Metaspace       used 32647K, committed 33088K, reserved 1114112K
  class space    used 4391K, committed 4608K, reserved 1048576K
}
Event: 146.710 GC heap after
{Heap after GC invocations=13 (full 0):
 garbage-first heap   total 48128K, used 28976K [0x00000000a2200000, 0x0000000100000000)
  region size 1024K, 1 young (1024K), 1 survivors (1024K)
 Metaspace       used 32647K, committed 33088K, reserved 1114112K
  class space    used 4391K, committed 4608K, reserved 1048576K
}
Event: 162.161 GC heap before
{Heap before GC invocations=14 (full 0):
 garbage-first heap   total 51200K, used 37168K [0x00000000a2200000, 0x0000000100000000)
  region size 1024K, 9 young (9216K), 1 survivors (1024K)
 Metaspace       used 32788K, committed 33216K, reserved 1114112K
  class space    used 4400K, committed 4608K, reserved 1048576K
}
Event: 162.165 GC heap after
{Heap after GC invocations=15 (full 0):
 garbage-first heap   total 51200K, used 29570K [0x00000000a2200000, 0x0000000100000000)
  region size 1024K, 2 young (2048K), 2 survivors (2048K)
 Metaspace       used 32788K, committed 33216K, reserved 1114112K
  class space    used 4400K, committed 4608K, reserved 1048576K
}
Event: 834.521 GC heap before
{Heap before GC invocations=15 (full 0):
 garbage-first heap   total 51200K, used 38786K [0x00000000a2200000, 0x0000000100000000)
  region size 1024K, 12 young (12288K), 2 survivors (2048K)
 Metaspace       used 33010K, committed 33472K, reserved 1114112K
  class space    used 4402K, committed 4608K, reserved 1048576K
}
Event: 834.532 GC heap after
{Heap after GC invocations=16 (full 0):
 garbage-first heap   total 51200K, used 30048K [0x00000000a2200000, 0x0000000100000000)
  region size 1024K, 2 young (2048K), 2 survivors (2048K)
 Metaspace       used 33010K, committed 33472K, reserved 1114112K
  class space    used 4402K, committed 4608K, reserved 1048576K
}
Event: 857.373 GC heap before
{Heap before GC invocations=17 (full 0):
 garbage-first heap   total 61440K, used 42336K [0x00000000a2200000, 0x0000000100000000)
  region size 1024K, 11 young (11264K), 2 survivors (2048K)
 Metaspace       used 33126K, committed 33536K, reserved 1114112K
  class space    used 4403K, committed 4608K, reserved 1048576K
}
Event: 857.388 GC heap after
{Heap after GC invocations=18 (full 0):
 garbage-first heap   total 61440K, used 34551K [0x00000000a2200000, 0x0000000100000000)
  region size 1024K, 1 young (1024K), 1 survivors (1024K)
 Metaspace       used 33126K, committed 33536K, reserved 1114112K
  class space    used 4403K, committed 4608K, reserved 1048576K
}
Event: 1017.040 GC heap before
{Heap before GC invocations=18 (full 0):
 garbage-first heap   total 61440K, used 48887K [0x00000000a2200000, 0x0000000100000000)
  region size 1024K, 15 young (15360K), 1 survivors (1024K)
 Metaspace       used 33285K, committed 33728K, reserved 1114112K
  class space    used 4403K, committed 4608K, reserved 1048576K
}
Event: 1017.044 GC heap after
{Heap after GC invocations=19 (full 0):
 garbage-first heap   total 61440K, used 34835K [0x00000000a2200000, 0x0000000100000000)
  region size 1024K, 2 young (2048K), 2 survivors (2048K)
 Metaspace       used 33285K, committed 33728K, reserved 1114112K
  class space    used 4403K, committed 4608K, reserved 1048576K
}

