# JRE version: OpenJDK Runtime Environment (18.0.1.1+2) (build 18.0.1.1+2-6)
# Java VM: OpenJDK 64-Bit Server VM (18.0.1.1+2-6, mixed mode, sharing, tiered, compressed oops, compressed class ptrs, g1 gc, windows-amd64)
GC Precious Log:
 CardTable entry size: 512
 Card Set container configuration: InlinePtr #cards 5 size 8 Array Of Cards #cards 12 size 40 Howl #buckets 4 coarsen threshold 1843 Howl Bitmap #cards 512 size 80 coarsen threshold 460 Card regions per heap region 1 cards per card region 2048
 CPUs: 12 total, 12 available
 Memory: 6005M
 Large Page Support: Disabled
 NUMA Support: Disabled
 Compressed Oops: Enabled (32-bit)
 Heap Region Size: 1M
 Heap Min Capacity: 8M
 Heap Initial Capacity: 94M
 Heap Max Capacity: 1502M
 Pre-touch: Disabled
 Parallel Workers: 10
 Concurrent Workers: 3
 Concurrent Refinement Workers: 10
 Periodic GC: Disabled
Heap:
 garbage-first heap   total 56320K, used 38975K [0x00000000a2200000, 0x0000000100000000)
  region size 1024K, 10 young (10240K), 2 survivors (2048K)
 Metaspace       used 33274K, committed 33664K, reserved 1114112K
  class space    used 4452K, committed 4608K, reserved 1048576K
GC Heap History (20 events):
Event: 3.900 GC heap before
{Heap before GC invocations=5 (full 0):
 garbage-first heap   total 45056K, used 15057K [0x00000000a2200000, 0x0000000100000000)
  region size 1024K, 4 young (4096K), 3 survivors (3072K)
 Metaspace       used 26522K, committed 26944K, reserved 1114112K
  class space    used 3653K, committed 3840K, reserved 1048576K
}
Event: 3.903 GC heap after
{Heap after GC invocations=6 (full 0):
 garbage-first heap   total 45056K, used 14463K [0x00000000a2200000, 0x0000000100000000)
  region size 1024K, 1 young (1024K), 1 survivors (1024K)
 Metaspace       used 26522K, committed 26944K, reserved 1114112K
  class space    used 3653K, committed 3840K, reserved 1048576K
}
Event: 4.440 GC heap before
{Heap before GC invocations=6 (full 0):
 garbage-first heap   total 45056K, used 29823K [0x00000000a2200000, 0x0000000100000000)
  region size 1024K, 17 young (17408K), 1 survivors (1024K)
 Metaspace       used 28527K, committed 28928K, reserved 1114112K
  class space    used 3998K, committed 4224K, reserved 1048576K
}
Event: 4.444 GC heap after
{Heap after GC invocations=7 (full 0):
 garbage-first heap   total 45056K, used 17577K [0x00000000a2200000, 0x0000000100000000)
  region size 1024K, 3 young (3072K), 3 survivors (3072K)
 Metaspace       used 28527K, committed 28928K, reserved 1114112K
  class space    used 3998K, committed 4224K, reserved 1048576K
}
Event: 5.199 GC heap before
{Heap before GC invocations=7 (full 0):
 garbage-first heap   total 45056K, used 31913K [0x00000000a2200000, 0x0000000100000000)
  region size 1024K, 17 young (17408K), 3 survivors (3072K)
 Metaspace       used 29188K, committed 29568K, reserved 1114112K
  class space    used 4061K, committed 4224K, reserved 1048576K
}
Event: 5.207 GC heap after
{Heap after GC invocations=8 (full 0):
 garbage-first heap   total 45056K, used 22470K [0x00000000a2200000, 0x0000000100000000)
  region size 1024K, 3 young (3072K), 3 survivors (3072K)
 Metaspace       used 29188K, committed 29568K, reserved 1114112K
  class space    used 4061K, committed 4224K, reserved 1048576K
}
Event: 5.678 GC heap before
{Heap before GC invocations=8 (full 0):
 garbage-first heap   total 45056K, used 29638K [0x00000000a2200000, 0x0000000100000000)
  region size 1024K, 11 young (11264K), 3 survivors (3072K)
 Metaspace       used 30672K, committed 31104K, reserved 1114112K
  class space    used 4211K, committed 4416K, reserved 1048576K
}
Event: 5.682 GC heap after
{Heap after GC invocations=9 (full 0):
 garbage-first heap   total 45056K, used 24957K [0x00000000a2200000, 0x0000000100000000)
  region size 1024K, 2 young (2048K), 2 survivors (2048K)
 Metaspace       used 30672K, committed 31104K, reserved 1114112K
  class space    used 4211K, committed 4416K, reserved 1048576K
}
Event: 5.803 GC heap before
{Heap before GC invocations=10 (full 0):
 garbage-first heap   total 48128K, used 30077K [0x00000000a2200000, 0x0000000100000000)
  region size 1024K, 4 young (4096K), 2 survivors (2048K)
 Metaspace       used 30767K, committed 31168K, reserved 1114112K
  class space    used 4221K, committed 4416K, reserved 1048576K
}
Event: 5.806 GC heap after
{Heap after GC invocations=11 (full 0):
 garbage-first heap   total 48128K, used 25818K [0x00000000a2200000, 0x0000000100000000)
  region size 1024K, 1 young (1024K), 1 survivors (1024K)
 Metaspace       used 30767K, committed 31168K, reserved 1114112K
  class space    used 4221K, committed 4416K, reserved 1048576K
}
Event: 17.388 GC heap before
{Heap before GC invocations=12 (full 0):
 garbage-first heap   total 50176K, used 32986K [0x00000000a2200000, 0x0000000100000000)
  region size 1024K, 7 young (7168K), 1 survivors (1024K)
 Metaspace       used 31405K, committed 31808K, reserved 1114112K
  class space    used 4247K, committed 4416K, reserved 1048576K
}
Event: 17.392 GC heap after
{Heap after GC invocations=13 (full 0):
 garbage-first heap   total 50176K, used 27036K [0x00000000a2200000, 0x0000000100000000)
  region size 1024K, 2 young (2048K), 2 survivors (2048K)
 Metaspace       used 31405K, committed 31808K, reserved 1114112K
  class space    used 4247K, committed 4416K, reserved 1048576K
}
Event: 71.405 GC heap before
{Heap before GC invocations=14 (full 0):
 garbage-first heap   total 51200K, used 39324K [0x00000000a2200000, 0x0000000100000000)
  region size 1024K, 12 young (12288K), 2 survivors (2048K)
 Metaspace       used 32463K, committed 32832K, reserved 1114112K
  class space    used 4379K, committed 4544K, reserved 1048576K
}
Event: 71.410 GC heap after
{Heap after GC invocations=15 (full 0):
 garbage-first heap   total 51200K, used 29645K [0x00000000a2200000, 0x0000000100000000)
  region size 1024K, 2 young (2048K), 2 survivors (2048K)
 Metaspace       used 32463K, committed 32832K, reserved 1114112K
  class space    used 4379K, committed 4544K, reserved 1048576K
}
Event: 84.491 GC heap before
{Heap before GC invocations=15 (full 0):
 garbage-first heap   total 51200K, used 39885K [0x00000000a2200000, 0x0000000100000000)
  region size 1024K, 12 young (12288K), 2 survivors (2048K)
 Metaspace       used 32598K, committed 33024K, reserved 1114112K
  class space    used 4397K, committed 4608K, reserved 1048576K
}
Event: 84.495 GC heap after
{Heap after GC invocations=16 (full 0):
 garbage-first heap   total 51200K, used 30124K [0x00000000a2200000, 0x0000000100000000)
  region size 1024K, 1 young (1024K), 1 survivors (1024K)
 Metaspace       used 32598K, committed 33024K, reserved 1114112K
  class space    used 4397K, committed 4608K, reserved 1048576K
}
Event: 101.353 GC heap before
{Heap before GC invocations=17 (full 0):
 garbage-first heap   total 53248K, used 40364K [0x00000000a2200000, 0x0000000100000000)
  region size 1024K, 11 young (11264K), 1 survivors (1024K)
 Metaspace       used 32771K, committed 33152K, reserved 1114112K
  class space    used 4406K, committed 4608K, reserved 1048576K
}
Event: 101.357 GC heap after
{Heap after GC invocations=18 (full 0):
 garbage-first heap   total 53248K, used 30883K [0x00000000a2200000, 0x0000000100000000)
  region size 1024K, 2 young (2048K), 2 survivors (2048K)
 Metaspace       used 32771K, committed 33152K, reserved 1114112K
  class space    used 4406K, committed 4608K, reserved 1048576K
}
Event: 172.107 GC heap before
{Heap before GC invocations=18 (full 0):
 garbage-first heap   total 53248K, used 42147K [0x00000000a2200000, 0x0000000100000000)
  region size 1024K, 13 young (13312K), 2 survivors (2048K)
 Metaspace       used 32990K, committed 33408K, reserved 1114112K
  class space    used 4418K, committed 4608K, reserved 1048576K
}
Event: 172.113 GC heap after
{Heap after GC invocations=19 (full 0):
 garbage-first heap   total 53248K, used 31807K [0x00000000a2200000, 0x0000000100000000)
  region size 1024K, 2 young (2048K), 2 survivors (2048K)
 Metaspace       used 32990K, committed 33408K, reserved 1114112K
  class space    used 4418K, committed 4608K, reserved 1048576K
}

