# JRE version: OpenJDK Runtime Environment (18.0.1.1+2) (build 18.0.1.1+2-6)
# Java VM: OpenJDK 64-Bit Server VM (18.0.1.1+2-6, mixed mode, sharing, tiered, compressed oops, compressed class ptrs, g1 gc, windows-amd64)
GC Precious Log:
 CardTable entry size: 512
 Card Set container configuration: InlinePtr #cards 5 size 8 Array Of Cards #cards 12 size 40 Howl #buckets 4 coarsen threshold 1843 Howl Bitmap #cards 512 size 80 coarsen threshold 460 Card regions per heap region 1 cards per card region 2048
 CPUs: 12 total, 12 available
 Memory: 6005M
 Large Page Support: Disabled
 NUMA Support: Disabled
 Compressed Oops: Enabled (32-bit)
 Heap Region Size: 1M
 Heap Min Capacity: 8M
 Heap Initial Capacity: 94M
 Heap Max Capacity: 1502M
 Pre-touch: Disabled
 Parallel Workers: 10
 Concurrent Workers: 3
 Concurrent Refinement Workers: 10
 Periodic GC: Disabled
Heap:
 garbage-first heap   total 67584K, used 35872K [0x00000000a2200000, 0x0000000100000000)
  region size 1024K, 8 young (8192K), 2 survivors (2048K)
 Metaspace       used 32662K, committed 33088K, reserved 1114112K
  class space    used 4404K, committed 4608K, reserved 1048576K
GC Heap History (20 events):
Event: 4.636 GC heap before
{Heap before GC invocations=1 (full 0):
 garbage-first heap   total 96256K, used 34869K [0x00000000a2200000, 0x0000000100000000)
  region size 1024K, 33 young (33792K), 3 survivors (3072K)
 Metaspace       used 17315K, committed 17664K, reserved 1114112K
  class space    used 2002K, committed 2176K, reserved 1048576K
}
Event: 4.643 GC heap after
{Heap after GC invocations=2 (full 0):
 garbage-first heap   total 96256K, used 8898K [0x00000000a2200000, 0x0000000100000000)
  region size 1024K, 4 young (4096K), 4 survivors (4096K)
 Metaspace       used 17315K, committed 17664K, reserved 1114112K
  class space    used 2002K, committed 2176K, reserved 1048576K
}
Event: 5.165 GC heap before
{Heap before GC invocations=2 (full 0):
 garbage-first heap   total 96256K, used 27330K [0x00000000a2200000, 0x0000000100000000)
  region size 1024K, 23 young (23552K), 4 survivors (4096K)
 Metaspace       used 21207K, committed 21504K, reserved 1114112K
  class space    used 2644K, committed 2816K, reserved 1048576K
}
Event: 5.171 GC heap after
{Heap after GC invocations=3 (full 0):
 garbage-first heap   total 96256K, used 11781K [0x00000000a2200000, 0x0000000100000000)
  region size 1024K, 3 young (3072K), 3 survivors (3072K)
 Metaspace       used 21207K, committed 21504K, reserved 1114112K
  class space    used 2644K, committed 2816K, reserved 1048576K
}
Event: 6.212 GC heap before
{Heap before GC invocations=4 (full 0):
 garbage-first heap   total 45056K, used 35333K [0x00000000a2200000, 0x0000000100000000)
  region size 1024K, 26 young (26624K), 3 survivors (3072K)
 Metaspace       used 26362K, committed 26752K, reserved 1114112K
  class space    used 3607K, committed 3776K, reserved 1048576K
}
Event: 6.222 GC heap after
{Heap after GC invocations=5 (full 0):
 garbage-first heap   total 45056K, used 13947K [0x00000000a2200000, 0x0000000100000000)
  region size 1024K, 3 young (3072K), 3 survivors (3072K)
 Metaspace       used 26362K, committed 26752K, reserved 1114112K
  class space    used 3607K, committed 3776K, reserved 1048576K
}
Event: 6.270 GC heap before
{Heap before GC invocations=5 (full 0):
 garbage-first heap   total 45056K, used 14971K [0x00000000a2200000, 0x0000000100000000)
  region size 1024K, 4 young (4096K), 3 survivors (3072K)
 Metaspace       used 26535K, committed 27008K, reserved 1114112K
  class space    used 3649K, committed 3904K, reserved 1048576K
}
Event: 6.273 GC heap after
{Heap after GC invocations=6 (full 0):
 garbage-first heap   total 45056K, used 14414K [0x00000000a2200000, 0x0000000100000000)
  region size 1024K, 1 young (1024K), 1 survivors (1024K)
 Metaspace       used 26535K, committed 27008K, reserved 1114112K
  class space    used 3649K, committed 3904K, reserved 1048576K
}
Event: 6.711 GC heap before
{Heap before GC invocations=6 (full 0):
 garbage-first heap   total 45056K, used 28750K [0x00000000a2200000, 0x0000000100000000)
  region size 1024K, 16 young (16384K), 1 survivors (1024K)
 Metaspace       used 28541K, committed 28992K, reserved 1114112K
  class space    used 3992K, committed 4224K, reserved 1048576K
}
Event: 6.715 GC heap after
{Heap after GC invocations=7 (full 0):
 garbage-first heap   total 45056K, used 17495K [0x00000000a2200000, 0x0000000100000000)
  region size 1024K, 2 young (2048K), 2 survivors (2048K)
 Metaspace       used 28541K, committed 28992K, reserved 1114112K
  class space    used 3992K, committed 4224K, reserved 1048576K
}
Event: 7.120 GC heap before
{Heap before GC invocations=7 (full 0):
 garbage-first heap   total 45056K, used 30807K [0x00000000a2200000, 0x0000000100000000)
  region size 1024K, 15 young (15360K), 2 survivors (2048K)
 Metaspace       used 29177K, committed 29632K, reserved 1114112K
  class space    used 4057K, committed 4288K, reserved 1048576K
}
Event: 7.125 GC heap after
{Heap after GC invocations=8 (full 0):
 garbage-first heap   total 45056K, used 21858K [0x00000000a2200000, 0x0000000100000000)
  region size 1024K, 2 young (2048K), 2 survivors (2048K)
 Metaspace       used 29177K, committed 29632K, reserved 1114112K
  class space    used 4057K, committed 4288K, reserved 1048576K
}
Event: 7.538 GC heap before
{Heap before GC invocations=8 (full 0):
 garbage-first heap   total 45056K, used 31074K [0x00000000a2200000, 0x0000000100000000)
  region size 1024K, 12 young (12288K), 2 survivors (2048K)
 Metaspace       used 30672K, committed 31040K, reserved 1114112K
  class space    used 4212K, committed 4416K, reserved 1048576K
}
Event: 7.542 GC heap after
{Heap after GC invocations=9 (full 0):
 garbage-first heap   total 45056K, used 24930K [0x00000000a2200000, 0x0000000100000000)
  region size 1024K, 2 young (2048K), 2 survivors (2048K)
 Metaspace       used 30672K, committed 31040K, reserved 1114112K
  class space    used 4212K, committed 4416K, reserved 1048576K
}
Event: 7.649 GC heap before
{Heap before GC invocations=10 (full 0):
 garbage-first heap   total 48128K, used 30050K [0x00000000a2200000, 0x0000000100000000)
  region size 1024K, 4 young (4096K), 2 survivors (2048K)
 Metaspace       used 30769K, committed 31232K, reserved 1114112K
  class space    used 4221K, committed 4416K, reserved 1048576K
}
Event: 7.653 GC heap after
{Heap after GC invocations=11 (full 0):
 garbage-first heap   total 48128K, used 26780K [0x00000000a2200000, 0x0000000100000000)
  region size 1024K, 2 young (2048K), 2 survivors (2048K)
 Metaspace       used 30769K, committed 31232K, reserved 1114112K
  class space    used 4221K, committed 4416K, reserved 1048576K
}
Event: 15.422 GC heap before
{Heap before GC invocations=12 (full 0):
 garbage-first heap   total 51200K, used 33948K [0x00000000a2200000, 0x0000000100000000)
  region size 1024K, 8 young (8192K), 2 survivors (2048K)
 Metaspace       used 31269K, committed 31744K, reserved 1114112K
  class space    used 4253K, committed 4480K, reserved 1048576K
}
Event: 15.425 GC heap after
{Heap after GC invocations=13 (full 0):
 garbage-first heap   total 51200K, used 28472K [0x00000000a2200000, 0x0000000100000000)
  region size 1024K, 2 young (2048K), 2 survivors (2048K)
 Metaspace       used 31269K, committed 31744K, reserved 1114112K
  class space    used 4253K, committed 4480K, reserved 1048576K
}
Event: 56.324 GC heap before
{Heap before GC invocations=14 (full 0):
 garbage-first heap   total 53248K, used 40760K [0x00000000a2200000, 0x0000000100000000)
  region size 1024K, 12 young (12288K), 2 survivors (2048K)
 Metaspace       used 32312K, committed 32704K, reserved 1114112K
  class space    used 4364K, committed 4544K, reserved 1048576K
}
Event: 56.327 GC heap after
{Heap after GC invocations=15 (full 0):
 garbage-first heap   total 67584K, used 30752K [0x00000000a2200000, 0x0000000100000000)
  region size 1024K, 2 young (2048K), 2 survivors (2048K)
 Metaspace       used 32312K, committed 32704K, reserved 1114112K
  class space    used 4364K, committed 4544K, reserved 1048576K
}

