# JRE version: OpenJDK Runtime Environment (18.0.1.1+2) (build 18.0.1.1+2-6)
# Java VM: OpenJDK 64-Bit Server VM (18.0.1.1+2-6, mixed mode, sharing, tiered, compressed oops, compressed class ptrs, g1 gc, windows-amd64)
GC Precious Log:
 CardTable entry size: 512
 Card Set container configuration: InlinePtr #cards 5 size 8 Array Of Cards #cards 12 size 40 Howl #buckets 4 coarsen threshold 1843 Howl Bitmap #cards 512 size 80 coarsen threshold 460 Card regions per heap region 1 cards per card region 2048
 CPUs: 12 total, 12 available
 Memory: 6005M
 Large Page Support: Disabled
 NUMA Support: Disabled
 Compressed Oops: Enabled (32-bit)
 Heap Region Size: 1M
 Heap Min Capacity: 8M
 Heap Initial Capacity: 94M
 Heap Max Capacity: 1502M
 Pre-touch: Disabled
 Parallel Workers: 10
 Concurrent Workers: 3
 Concurrent Refinement Workers: 10
 Periodic GC: Disabled
Heap:
 garbage-first heap   total 53248K, used 35696K [0x00000000a2200000, 0x0000000100000000)
  region size 1024K, 7 young (7168K), 1 survivors (1024K)
 Metaspace       used 32991K, committed 33408K, reserved 1114112K
  class space    used 4404K, committed 4608K, reserved 1048576K
GC Heap History (20 events):
Event: 5.738 GC heap before
{Heap before GC invocations=4 (full 0):
 garbage-first heap   total 45056K, used 35473K [0x00000000a2200000, 0x0000000100000000)
  region size 1024K, 26 young (26624K), 3 survivors (3072K)
 Metaspace       used 26326K, committed 26752K, reserved 1114112K
  class space    used 3607K, committed 3840K, reserved 1048576K
}
Event: 5.743 GC heap after
{Heap after GC invocations=5 (full 0):
 garbage-first heap   total 45056K, used 14275K [0x00000000a2200000, 0x0000000100000000)
  region size 1024K, 3 young (3072K), 3 survivors (3072K)
 Metaspace       used 26326K, committed 26752K, reserved 1114112K
  class space    used 3607K, committed 3840K, reserved 1048576K
}
Event: 5.769 GC heap before
{Heap before GC invocations=5 (full 0):
 garbage-first heap   total 45056K, used 15299K [0x00000000a2200000, 0x0000000100000000)
  region size 1024K, 4 young (4096K), 3 survivors (3072K)
 Metaspace       used 26487K, committed 26880K, reserved 1114112K
  class space    used 3645K, committed 3840K, reserved 1048576K
}
Event: 5.772 GC heap after
{Heap after GC invocations=6 (full 0):
 garbage-first heap   total 45056K, used 14241K [0x00000000a2200000, 0x0000000100000000)
  region size 1024K, 1 young (1024K), 1 survivors (1024K)
 Metaspace       used 26487K, committed 26880K, reserved 1114112K
  class space    used 3645K, committed 3840K, reserved 1048576K
}
Event: 6.256 GC heap before
{Heap before GC invocations=6 (full 0):
 garbage-first heap   total 45056K, used 28577K [0x00000000a2200000, 0x0000000100000000)
  region size 1024K, 16 young (16384K), 1 survivors (1024K)
 Metaspace       used 28283K, committed 28672K, reserved 1114112K
  class space    used 3950K, committed 4160K, reserved 1048576K
}
Event: 6.260 GC heap after
{Heap after GC invocations=7 (full 0):
 garbage-first heap   total 45056K, used 17583K [0x00000000a2200000, 0x0000000100000000)
  region size 1024K, 2 young (2048K), 2 survivors (2048K)
 Metaspace       used 28283K, committed 28672K, reserved 1114112K
  class space    used 3950K, committed 4160K, reserved 1048576K
}
Event: 6.870 GC heap before
{Heap before GC invocations=7 (full 0):
 garbage-first heap   total 45056K, used 33967K [0x00000000a2200000, 0x0000000100000000)
  region size 1024K, 15 young (15360K), 2 survivors (2048K)
 Metaspace       used 30294K, committed 30656K, reserved 1114112K
  class space    used 4176K, committed 4352K, reserved 1048576K
}
Event: 6.875 GC heap after
{Heap after GC invocations=8 (full 0):
 garbage-first heap   total 45056K, used 24028K [0x00000000a2200000, 0x0000000100000000)
  region size 1024K, 2 young (2048K), 2 survivors (2048K)
 Metaspace       used 30294K, committed 30656K, reserved 1114112K
  class space    used 4176K, committed 4352K, reserved 1048576K
}
Event: 6.882 GC heap before
{Heap before GC invocations=8 (full 0):
 garbage-first heap   total 45056K, used 24028K [0x00000000a2200000, 0x0000000100000000)
  region size 1024K, 3 young (3072K), 2 survivors (2048K)
 Metaspace       used 30295K, committed 30656K, reserved 1114112K
  class space    used 4176K, committed 4352K, reserved 1048576K
}
Event: 6.884 GC heap after
{Heap after GC invocations=9 (full 0):
 garbage-first heap   total 45056K, used 22879K [0x00000000a2200000, 0x0000000100000000)
  region size 1024K, 1 young (1024K), 1 survivors (1024K)
 Metaspace       used 30295K, committed 30656K, reserved 1114112K
  class space    used 4176K, committed 4352K, reserved 1048576K
}
Event: 27.822 GC heap before
{Heap before GC invocations=10 (full 0):
 garbage-first heap   total 45056K, used 33119K [0x00000000a2200000, 0x0000000100000000)
  region size 1024K, 9 young (9216K), 1 survivors (1024K)
 Metaspace       used 31295K, committed 31680K, reserved 1114112K
  class space    used 4210K, committed 4416K, reserved 1048576K
}
Event: 27.824 GC heap after
{Heap after GC invocations=11 (full 0):
 garbage-first heap   total 45056K, used 25598K [0x00000000a2200000, 0x0000000100000000)
  region size 1024K, 2 young (2048K), 2 survivors (2048K)
 Metaspace       used 31295K, committed 31680K, reserved 1114112K
  class space    used 4210K, committed 4416K, reserved 1048576K
}
Event: 37.351 GC heap before
{Heap before GC invocations=11 (full 0):
 garbage-first heap   total 45056K, used 32766K [0x00000000a2200000, 0x0000000100000000)
  region size 1024K, 9 young (9216K), 2 survivors (2048K)
 Metaspace       used 32207K, committed 32640K, reserved 1114112K
  class space    used 4355K, committed 4544K, reserved 1048576K
}
Event: 37.355 GC heap after
{Heap after GC invocations=12 (full 0):
 garbage-first heap   total 45056K, used 26655K [0x00000000a2200000, 0x0000000100000000)
  region size 1024K, 2 young (2048K), 2 survivors (2048K)
 Metaspace       used 32207K, committed 32640K, reserved 1114112K
  class space    used 4355K, committed 4544K, reserved 1048576K
}
Event: 53.523 GC heap before
{Heap before GC invocations=13 (full 0):
 garbage-first heap   total 48128K, used 33823K [0x00000000a2200000, 0x0000000100000000)
  region size 1024K, 9 young (9216K), 2 survivors (2048K)
 Metaspace       used 32404K, committed 32768K, reserved 1114112K
  class space    used 4374K, committed 4544K, reserved 1048576K
}
Event: 53.529 GC heap after
{Heap after GC invocations=14 (full 0):
 garbage-first heap   total 48128K, used 28748K [0x00000000a2200000, 0x0000000100000000)
  region size 1024K, 2 young (2048K), 2 survivors (2048K)
 Metaspace       used 32404K, committed 32768K, reserved 1114112K
  class space    used 4374K, committed 4544K, reserved 1048576K
}
Event: 86.393 GC heap before
{Heap before GC invocations=14 (full 0):
 garbage-first heap   total 48128K, used 35916K [0x00000000a2200000, 0x0000000100000000)
  region size 1024K, 9 young (9216K), 2 survivors (2048K)
 Metaspace       used 32630K, committed 33024K, reserved 1114112K
  class space    used 4385K, committed 4544K, reserved 1048576K
}
Event: 86.397 GC heap after
{Heap after GC invocations=15 (full 0):
 garbage-first heap   total 48128K, used 29741K [0x00000000a2200000, 0x0000000100000000)
  region size 1024K, 1 young (1024K), 1 survivors (1024K)
 Metaspace       used 32630K, committed 33024K, reserved 1114112K
  class space    used 4385K, committed 4544K, reserved 1048576K
}
Event: 99.371 GC heap before
{Heap before GC invocations=16 (full 0):
 garbage-first heap   total 53248K, used 36909K [0x00000000a2200000, 0x0000000100000000)
  region size 1024K, 8 young (8192K), 1 survivors (1024K)
 Metaspace       used 32783K, committed 33216K, reserved 1114112K
  class space    used 4393K, committed 4608K, reserved 1048576K
}
Event: 99.375 GC heap after
{Heap after GC invocations=17 (full 0):
 garbage-first heap   total 53248K, used 30576K [0x00000000a2200000, 0x0000000100000000)
  region size 1024K, 1 young (1024K), 1 survivors (1024K)
 Metaspace       used 32783K, committed 33216K, reserved 1114112K
  class space    used 4393K, committed 4608K, reserved 1048576K
}

